0 info it worked if it ends with ok
1 verbose cli [ 'J:\\Programs\\nodeJS\\node.exe',
1 verbose cli   'J:\\Programs\\nodeJS\\node_modules\\npm\\bin\\npm-cli.js',
1 verbose cli   'start' ]
2 info using npm@2.14.7
3 info using node@v4.2.1
4 verbose run-script [ 'prestart', 'start', 'poststart' ]
5 info prestart webpack-example@
6 info start webpack-example@
7 verbose unsafe-perm in lifecycle true
8 info webpack-example@ Failed to exec start script
9 verbose stack Error: webpack-example@ start: `babel-node server.js`
9 verbose stack Exit status 1
9 verbose stack     at EventEmitter.<anonymous> (J:\Programs\nodeJS\node_modules\npm\lib\utils\lifecycle.js:214:16)
9 verbose stack     at emitTwo (events.js:87:13)
9 verbose stack     at EventEmitter.emit (events.js:172:7)
9 verbose stack     at ChildProcess.<anonymous> (J:\Programs\nodeJS\node_modules\npm\lib\utils\spawn.js:24:14)
9 verbose stack     at emitTwo (events.js:87:13)
9 verbose stack     at ChildProcess.emit (events.js:172:7)
9 verbose stack     at maybeClose (internal/child_process.js:818:16)
9 verbose stack     at Process.ChildProcess._handle.onexit (internal/child_process.js:211:5)
10 verbose pkgid webpack-example@
11 verbose cwd C:\Users\kateryna\Desktop\todoreact
12 error Windows_NT 10.0.10240
13 error argv "J:\\Programs\\nodeJS\\node.exe" "J:\\Programs\\nodeJS\\node_modules\\npm\\bin\\npm-cli.js" "start"
14 error node v4.2.1
15 error npm  v2.14.7
16 error code ELIFECYCLE
17 error webpack-example@ start: `babel-node server.js`
17 error Exit status 1
18 error Failed at the webpack-example@ start script 'babel-node server.js'.
18 error This is most likely a problem with the webpack-example package,
18 error not with npm itself.
18 error Tell the author that this fails on your system:
18 error     babel-node server.js
18 error You can get their info via:
18 error     npm owner ls webpack-example
18 error There is likely additional logging output above.
19 verbose exit [ 1, true ]
